<?xml version="1.0" encoding="UTF-8"?>
<!-- Generated by org.testng.reporters.JUnitReportReporter -->
<testsuite hostname="Shubhankars-MacBook-Air.local" failures="0" tests="1" name="com.example.CheckersTest" time="7.742" errors="0" timestamp="2024-01-12T01:11:05 IST" skipped="0">
  <testcase classname="com.example.CheckersTest" name="checkerTest" time="7.742"/>
</testsuite> <!-- com.example.CheckersTest -->
