<?xml version="1.0" encoding="UTF-8"?>
<!-- Generated by org.testng.reporters.JUnitReportReporter -->
<testsuite hostname="Shubhankars-MacBook-Air.local" failures="0" tests="1" name="com.example.AmazonHeadPhoneItemTest" time="22.541" errors="0" timestamp="2024-01-12T01:11:05 IST" skipped="0">
  <testcase classname="com.example.AmazonHeadPhoneItemTest" name="testVerifyHeadPhoneSearch" time="22.541"/>
</testsuite> <!-- com.example.AmazonHeadPhoneItemTest -->
